Arguments: 
  /Users/szg/.nvm/versions/node/v12.10.0/bin/node /usr/local/bin/yarn add tslint teslint-angular tslint-config-prettier tslint-sonarts --dev

PATH: 
  /usr/local/sbin:/Users/szg/go/src/alauda.io/diablo/flutter/bin:/Users/szg/.jenv/shims:/Users/szg/.jenv/bin:/Users/szg/.nvm/versions/node/v12.10.0/bin:/Users/szg/.cargo/bin:/usr/local/bin:/usr/bin:/bin:/usr/sbin:/sbin:/usr/local/go/bin:/Applications/Wireshark.app/Contents/MacOS:/Users/szg/go/bin:/Library/Internet Plug-Ins/JavaAppletPlugin.plugin/Contents/Home

Yarn version: 
  1.19.2

Node version: 
  12.10.0

Platform: 
  darwin x64

Trace: 
  Error: https://registry.yarnpkg.com/teslint-angular: Not found
      at Request.params.callback [as _callback] (/Users/szg/.config/yarn/global/node_modules/yarn/lib/cli.js:66927:18)
      at Request.self.callback (/Users/szg/.config/yarn/global/node_modules/yarn/lib/cli.js:140586:22)
      at Request.emit (events.js:209:13)
      at Request.<anonymous> (/Users/szg/.config/yarn/global/node_modules/yarn/lib/cli.js:141558:10)
      at Request.emit (events.js:209:13)
      at IncomingMessage.<anonymous> (/Users/szg/.config/yarn/global/node_modules/yarn/lib/cli.js:141480:12)
      at Object.onceWrapper (events.js:298:28)
      at IncomingMessage.emit (events.js:214:15)
      at endReadableNT (_stream_readable.js:1178:12)
      at processTicksAndRejections (internal/process/task_queues.js:80:21)

npm manifest: 
  {
    "name": "ramda-playground",
    "version": "1.0.0",
    "main": "index.js",
    "repository": "git@github.com:EdisonSu768/ramda-playground.git",
    "author": "zgsu <zgsu@alauda.io>",
    "license": "MIT",
    "dependencies": {
      "@types/ramda": "^0.26.36",
      "ramda": "^0.26.1"
    }
  }

yarn manifest: 
  No manifest

Lockfile: 
  # THIS IS AN AUTOGENERATED FILE. DO NOT EDIT THIS FILE DIRECTLY.
  # yarn lockfile v1
  
  
  "@types/ramda@^0.26.36":
    version "0.26.36"
    resolved "https://registry.yarnpkg.com/@types/ramda/-/ramda-0.26.36.tgz#094f495c04f8876f583597ae73dce7eac94fc6ba"
    integrity sha512-uo22Nf32Cc3EURp9tYlFttY8MVQZ1zoVum+D+yQ2jm4IqQFxDtwCQlP/WMwbuj4ey5kw1rJ7v6OacDszfWiqLA==
    dependencies:
      ts-toolbelt "^4.10.7"
  
  ramda@^0.26.1:
    version "0.26.1"
    resolved "https://registry.yarnpkg.com/ramda/-/ramda-0.26.1.tgz#8d41351eb8111c55353617fc3bbffad8e4d35d06"
    integrity sha512-hLWjpy7EnsDBb0p+Z3B7rPi3GDeRG5ZtiI33kJhTt+ORCd38AbAIjB/9zRIUoeTbE/AVX5ZkU7m6bznsvrf8eQ==
  
  ts-toolbelt@^4.10.7:
    version "4.12.11"
    resolved "https://registry.yarnpkg.com/ts-toolbelt/-/ts-toolbelt-4.12.11.tgz#cad7a5c55488bb9888fbe9d0d6ea88e9b570e670"
    integrity sha512-hzMlJbTOcXCgr5MaGc7soKbnnsOb2iCI+eGSrPL7wLQQ/6GugrBtHGBT8HFmKdzIpqeEeVyoTtB+g2LUOVzb0A==
